# JRE version: OpenJDK Runtime Environment (8.0_151-b12) (build 1.8.0_151-8u151-b12-0ubuntu0.16.04.2-b12)
# Java VM: OpenJDK Server VM (25.151-b12 mixed mode linux-x86 )
Heap:
 PSYoungGen      total 20736K, used 20214K [0x916c0000, 0x93000000, 0xa6c00000)
  eden space 16128K, 99% used [0x916c0000,0x926760a0,0x92680000)
  from space 4608K, 89% used [0x92b80000,0x92f878d0,0x93000000)
  to   space 4864K, 0% used [0x92680000,0x92680000,0x92b40000)
 ParOldGen       total 43776K, used 4947K [0x66c00000, 0x696c0000, 0x916c0000)
  object space 43776K, 11% used [0x66c00000,0x670d4d88,0x696c0000)
 Metaspace       used 10635K, capacity 10716K, committed 10776K, reserved 11568K
GC Heap History (10 events):
Event: 19.106 GC heap before
{Heap before GC invocations=2 (full 0):
 PSYoungGen      total 19200K, used 19195K [0x916c0000, 0x92c00000, 0xa6c00000)
  eden space 16640K, 100% used [0x916c0000,0x92700000,0x92700000)
  from space 2560K, 99% used [0x92700000,0x9297ed78,0x92980000)
  to   space 2560K, 0% used [0x92980000,0x92980000,0x92c00000)
 ParOldGen       total 43776K, used 124K [0x66c00000, 0x696c0000, 0x916c0000)
  object space 43776K, 0% used [0x66c00000,0x66c1f2d8,0x696c0000)
 Metaspace       used 5743K, capacity 5798K, committed 5912K, reserved 6448K
Event: 19.140 GC heap after
Heap after GC invocations=2 (full 0):
 PSYoungGen      total 19200K, used 2557K [0x916c0000, 0x92c00000, 0xa6c00000)
  eden space 16640K, 0% used [0x916c0000,0x916c0000,0x92700000)
  from space 2560K, 99% used [0x92980000,0x92bff700,0x92c00000)
  to   space 2560K, 0% used [0x92700000,0x92700000,0x92980000)
 ParOldGen       total 43776K, used 851K [0x66c00000, 0x696c0000, 0x916c0000)
  object space 43776K, 1% used [0x66c00000,0x66cd4fd0,0x696c0000)
 Metaspace       used 5743K, capacity 5798K, committed 5912K, reserved 6448K
}
Event: 24.159 GC heap before
{Heap before GC invocations=3 (full 0):
 PSYoungGen      total 19200K, used 18522K [0x916c0000, 0x92c00000, 0xa6c00000)
  eden space 16640K, 95% used [0x916c0000,0x92657310,0x92700000)
  from space 2560K, 99% used [0x92980000,0x92bff700,0x92c00000)
  to   space 2560K, 0% used [0x92700000,0x92700000,0x92980000)
 ParOldGen       total 43776K, used 851K [0x66c00000, 0x696c0000, 0x916c0000)
  object space 43776K, 1% used [0x66c00000,0x66cd4fd0,0x696c0000)
 Metaspace       used 6504K, capacity 6574K, committed 6680K, reserved 7472K
Event: 24.171 GC heap after
Heap after GC invocations=3 (full 0):
 PSYoungGen      total 19200K, used 2551K [0x916c0000, 0x92c00000, 0xa6c00000)
  eden space 16640K, 0% used [0x916c0000,0x916c0000,0x92700000)
  from space 2560K, 99% used [0x92700000,0x9297dd78,0x92980000)
  to   space 2560K, 0% used [0x92980000,0x92980000,0x92c00000)
 ParOldGen       total 43776K, used 2265K [0x66c00000, 0x696c0000, 0x916c0000)
  object space 43776K, 5% used [0x66c00000,0x66e36728,0x696c0000)
 Metaspace       used 6504K, capacity 6574K, committed 6680K, reserved 7472K
}
Event: 30.381 GC heap before
{Heap before GC invocations=4 (full 0):
 PSYoungGen      total 19200K, used 19191K [0x916c0000, 0x92c00000, 0xa6c00000)
  eden space 16640K, 100% used [0x916c0000,0x92700000,0x92700000)
  from space 2560K, 99% used [0x92700000,0x9297dd78,0x92980000)
  to   space 2560K, 0% used [0x92980000,0x92980000,0x92c00000)
 ParOldGen       total 43776K, used 2265K [0x66c00000, 0x696c0000, 0x916c0000)
  object space 43776K, 5% used [0x66c00000,0x66e36728,0x696c0000)
 Metaspace       used 7729K, capacity 7816K, committed 7832K, reserved 8496K
Event: 30.397 GC heap after
Heap after GC invocations=4 (full 0):
 PSYoungGen      total 19200K, used 2552K [0x916c0000, 0x92c00000, 0xa6c00000)
  eden space 16640K, 0% used [0x916c0000,0x916c0000,0x92700000)
  from space 2560K, 99% used [0x92980000,0x92bfe180,0x92c00000)
  to   space 2560K, 0% used [0x92700000,0x92700000,0x92980000)
 ParOldGen       total 43776K, used 3204K [0x66c00000, 0x696c0000, 0x916c0000)
  object space 43776K, 7% used [0x66c00000,0x66f21148,0x696c0000)
 Metaspace       used 7729K, capacity 7816K, committed 7832K, reserved 8496K
}
Event: 40.061 GC heap before
{Heap before GC invocations=5 (full 0):
 PSYoungGen      total 19200K, used 19192K [0x916c0000, 0x92c00000, 0xa6c00000)
  eden space 16640K, 100% used [0x916c0000,0x92700000,0x92700000)
  from space 2560K, 99% used [0x92980000,0x92bfe180,0x92c00000)
  to   space 2560K, 0% used [0x92700000,0x92700000,0x92980000)
 ParOldGen       total 43776K, used 3204K [0x66c00000, 0x696c0000, 0x916c0000)
  object space 43776K, 7% used [0x66c00000,0x66f21148,0x696c0000)
 Metaspace       used 9021K, capacity 9099K, committed 9112K, reserved 9520K
Event: 40.092 GC heap after
Heap after GC invocations=5 (full 0):
 PSYoungGen      total 18944K, used 2552K [0x916c0000, 0x93040000, 0xa6c00000)
  eden space 16384K, 0% used [0x916c0000,0x916c0000,0x926c0000)
  from space 2560K, 99% used [0x92700000,0x9297e140,0x92980000)
  to   space 4864K, 0% used [0x92b80000,0x92b80000,0x93040000)
 ParOldGen       total 43776K, used 4943K [0x66c00000, 0x696c0000, 0x916c0000)
  object space 43776K, 11% used [0x66c00000,0x670d3d88,0x696c0000)
 Metaspace       used 9021K, capacity 9099K, committed 9112K, reserved 9520K
}
Event: 54.660 GC heap before
{Heap before GC invocations=6 (full 0):
 PSYoungGen      total 18944K, used 18936K [0x916c0000, 0x93040000, 0xa6c00000)
  eden space 16384K, 100% used [0x916c0000,0x926c0000,0x926c0000)
  from space 2560K, 99% used [0x92700000,0x9297e140,0x92980000)
  to   space 4864K, 0% used [0x92b80000,0x92b80000,0x93040000)
 ParOldGen       total 43776K, used 4943K [0x66c00000, 0x696c0000, 0x916c0000)
  object space 43776K, 11% used [0x66c00000,0x670d3d88,0x696c0000)
 Metaspace       used 9800K, capacity 9899K, committed 10008K, reserved 10544K
Event: 54.998 GC heap after
Heap after GC invocations=6 (full 0):
 PSYoungGen      total 20736K, used 4126K [0x916c0000, 0x93000000, 0xa6c00000)
  eden space 16128K, 0% used [0x916c0000,0x916c0000,0x92680000)
  from space 4608K, 89% used [0x92b80000,0x92f878d0,0x93000000)
  to   space 4864K, 0% used [0x92680000,0x92680000,0x92b40000)
 ParOldGen       total 43776K, used 4947K [0x66c00000, 0x696c0000, 0x916c0000)
  object space 43776K, 11% used [0x66c00000,0x670d4d88,0x696c0000)
 Metaspace       used 9800K, capacity 9899K, committed 10008K, reserved 10544K
}

