# JRE version: OpenJDK Runtime Environment (8.0_151-b12) (build 1.8.0_151-8u151-b12-0ubuntu0.16.04.2-b12)
# Java VM: OpenJDK Server VM (25.151-b12 mixed mode linux-x86 )
Heap:
 PSYoungGen      total 38656K, used 8836K [0x916c0000, 0x941c0000, 0xa6c00000)
  eden space 33280K, 14% used [0x916c0000,0x91b4d440,0x93740000)
  from space 5376K, 77% used [0x93c80000,0x94093ca8,0x941c0000)
  to   space 5376K, 0% used [0x93740000,0x93740000,0x93c80000)
 ParOldGen       total 43776K, used 6132K [0x66c00000, 0x696c0000, 0x916c0000)
  object space 43776K, 14% used [0x66c00000,0x671fd0e8,0x696c0000)
 Metaspace       used 10308K, capacity 10387K, committed 10392K, reserved 10544K
GC Heap History (10 events):
Event: 50.041 GC heap before
{Heap before GC invocations=2 (full 0):
 PSYoungGen      total 19200K, used 19186K [0x916c0000, 0x92c00000, 0xa6c00000)
  eden space 16640K, 100% used [0x916c0000,0x92700000,0x92700000)
  from space 2560K, 99% used [0x92700000,0x9297ca80,0x92980000)
  to   space 2560K, 0% used [0x92980000,0x92980000,0x92c00000)
 ParOldGen       total 43776K, used 145K [0x66c00000, 0x696c0000, 0x916c0000)
  object space 43776K, 0% used [0x66c00000,0x66c24520,0x696c0000)
 Metaspace       used 6045K, capacity 6122K, committed 6168K, reserved 6448K
Event: 50.058 GC heap after
Heap after GC invocations=2 (full 0):
 PSYoungGen      total 19200K, used 2545K [0x916c0000, 0x92c00000, 0xa6c00000)
  eden space 16640K, 0% used [0x916c0000,0x916c0000,0x92700000)
  from space 2560K, 99% used [0x92980000,0x92bfc710,0x92c00000)
  to   space 2560K, 0% used [0x92700000,0x92700000,0x92980000)
 ParOldGen       total 43776K, used 1241K [0x66c00000, 0x696c0000, 0x916c0000)
  object space 43776K, 2% used [0x66c00000,0x66d36510,0x696c0000)
 Metaspace       used 6045K, capacity 6122K, committed 6168K, reserved 6448K
}
Event: 69.137 GC heap before
{Heap before GC invocations=3 (full 0):
 PSYoungGen      total 19200K, used 19185K [0x916c0000, 0x92c00000, 0xa6c00000)
  eden space 16640K, 100% used [0x916c0000,0x92700000,0x92700000)
  from space 2560K, 99% used [0x92980000,0x92bfc710,0x92c00000)
  to   space 2560K, 0% used [0x92700000,0x92700000,0x92980000)
 ParOldGen       total 43776K, used 1241K [0x66c00000, 0x696c0000, 0x916c0000)
  object space 43776K, 2% used [0x66c00000,0x66d36510,0x696c0000)
 Metaspace       used 6791K, capacity 6860K, committed 6936K, reserved 7472K
Event: 69.384 GC heap after
Heap after GC invocations=3 (full 0):
 PSYoungGen      total 19200K, used 2556K [0x916c0000, 0x92c00000, 0xa6c00000)
  eden space 16640K, 0% used [0x916c0000,0x916c0000,0x92700000)
  from space 2560K, 99% used [0x92700000,0x9297f120,0x92980000)
  to   space 2560K, 0% used [0x92980000,0x92980000,0x92c00000)
 ParOldGen       total 43776K, used 1932K [0x66c00000, 0x696c0000, 0x916c0000)
  object space 43776K, 4% used [0x66c00000,0x66de30b8,0x696c0000)
 Metaspace       used 6791K, capacity 6860K, committed 6936K, reserved 7472K
}
Event: 84.679 GC heap before
{Heap before GC invocations=4 (full 0):
 PSYoungGen      total 19200K, used 18397K [0x916c0000, 0x92c00000, 0xa6c00000)
  eden space 16640K, 95% used [0x916c0000,0x926383d0,0x92700000)
  from space 2560K, 99% used [0x92700000,0x9297f120,0x92980000)
  to   space 2560K, 0% used [0x92980000,0x92980000,0x92c00000)
 ParOldGen       total 43776K, used 1932K [0x66c00000, 0x696c0000, 0x916c0000)
  object space 43776K, 4% used [0x66c00000,0x66de30b8,0x696c0000)
 Metaspace       used 7802K, capacity 7895K, committed 7960K, reserved 8496K
Event: 88.602 GC heap after
Heap after GC invocations=4 (full 0):
 PSYoungGen      total 19200K, used 2556K [0x916c0000, 0x93c40000, 0xa6c00000)
  eden space 16640K, 0% used [0x916c0000,0x916c0000,0x92700000)
  from space 2560K, 99% used [0x92980000,0x92bff108,0x92c00000)
  to   space 2560K, 0% used [0x92700000,0x92700000,0x92980000)
 ParOldGen       total 43776K, used 4751K [0x66c00000, 0x696c0000, 0x916c0000)
  object space 43776K, 10% used [0x66c00000,0x670a3f20,0x696c0000)
 Metaspace       used 7802K, capacity 7895K, committed 7960K, reserved 8496K
}
Event: 102.772 GC heap before
{Heap before GC invocations=5 (full 0):
 PSYoungGen      total 19200K, used 19196K [0x916c0000, 0x93c40000, 0xa6c00000)
  eden space 16640K, 100% used [0x916c0000,0x92700000,0x92700000)
  from space 2560K, 99% used [0x92980000,0x92bff108,0x92c00000)
  to   space 2560K, 0% used [0x92700000,0x92700000,0x92980000)
 ParOldGen       total 43776K, used 4751K [0x66c00000, 0x696c0000, 0x916c0000)
  object space 43776K, 10% used [0x66c00000,0x670a3f20,0x696c0000)
 Metaspace       used 8981K, capacity 9073K, committed 9112K, reserved 9520K
Event: 103.039 GC heap after
Heap after GC invocations=5 (full 0):
 PSYoungGen      total 19200K, used 2555K [0x916c0000, 0x941c0000, 0xa6c00000)
  eden space 16640K, 0% used [0x916c0000,0x916c0000,0x92700000)
  from space 2560K, 99% used [0x92700000,0x9297ed78,0x92980000)
  to   space 5376K, 0% used [0x93c80000,0x93c80000,0x941c0000)
 ParOldGen       total 43776K, used 6128K [0x66c00000, 0x696c0000, 0x916c0000)
  object space 43776K, 13% used [0x66c00000,0x671fc0e8,0x696c0000)
 Metaspace       used 8981K, capacity 9073K, committed 9112K, reserved 9520K
}
Event: 114.950 GC heap before
{Heap before GC invocations=6 (full 0):
 PSYoungGen      total 19200K, used 19195K [0x916c0000, 0x941c0000, 0xa6c00000)
  eden space 16640K, 100% used [0x916c0000,0x92700000,0x92700000)
  from space 2560K, 99% used [0x92700000,0x9297ed78,0x92980000)
  to   space 5376K, 0% used [0x93c80000,0x93c80000,0x941c0000)
 ParOldGen       total 43776K, used 6128K [0x66c00000, 0x696c0000, 0x916c0000)
  object space 43776K, 13% used [0x66c00000,0x671fc0e8,0x696c0000)
 Metaspace       used 10121K, capacity 10195K, committed 10264K, reserved 10544K
Event: 115.013 GC heap after
Heap after GC invocations=6 (full 0):
 PSYoungGen      total 38656K, used 4175K [0x916c0000, 0x941c0000, 0xa6c00000)
  eden space 33280K, 0% used [0x916c0000,0x916c0000,0x93740000)
  from space 5376K, 77% used [0x93c80000,0x94093ca8,0x941c0000)
  to   space 5376K, 0% used [0x93740000,0x93740000,0x93c80000)
 ParOldGen       total 43776K, used 6132K [0x66c00000, 0x696c0000, 0x916c0000)
  object space 43776K, 14% used [0x66c00000,0x671fd0e8,0x696c0000)
 Metaspace       used 10121K, capacity 10195K, committed 10264K, reserved 10544K
}

