# JRE version: OpenJDK Runtime Environment (8.0_151-b12) (build 1.8.0_151-8u151-b12-0ubuntu0.16.04.2-b12)
# Java VM: OpenJDK Server VM (25.151-b12 mixed mode linux-x86 )
Heap:
 PSYoungGen      total 18944K, used 17102K [0x916c0000, 0x93140000, 0xa6c00000)
  eden space 16384K, 88% used [0x916c0000,0x924f7a00,0x926c0000)
  from space 2560K, 99% used [0x92700000,0x9297c178,0x92980000)
  to   space 5376K, 0% used [0x92c00000,0x92c00000,0x93140000)
 ParOldGen       total 43776K, used 6113K [0x66c00000, 0x696c0000, 0x916c0000)
  object space 43776K, 13% used [0x66c00000,0x671f8680,0x696c0000)
 Metaspace       used 9559K, capacity 9619K, committed 9624K, reserved 10544K
GC Heap History (10 events):
Event: 25.254 GC heap before
{Heap before GC invocations=1 (full 0):
 PSYoungGen      total 19200K, used 16640K [0x916c0000, 0x92c00000, 0xa6c00000)
  eden space 16640K, 100% used [0x916c0000,0x92700000,0x92700000)
  from space 2560K, 0% used [0x92980000,0x92980000,0x92c00000)
  to   space 2560K, 0% used [0x92700000,0x92700000,0x92980000)
 ParOldGen       total 43776K, used 0K [0x66c00000, 0x696c0000, 0x916c0000)
  object space 43776K, 0% used [0x66c00000,0x66c00000,0x696c0000)
 Metaspace       used 3656K, capacity 3690K, committed 3736K, reserved 4400K
Event: 25.278 GC heap after
Heap after GC invocations=1 (full 0):
 PSYoungGen      total 19200K, used 2553K [0x916c0000, 0x92c00000, 0xa6c00000)
  eden space 16640K, 0% used [0x916c0000,0x916c0000,0x92700000)
  from space 2560K, 99% used [0x92700000,0x9297e418,0x92980000)
  to   space 2560K, 0% used [0x92980000,0x92980000,0x92c00000)
 ParOldGen       total 43776K, used 106K [0x66c00000, 0x696c0000, 0x916c0000)
  object space 43776K, 0% used [0x66c00000,0x66c1a950,0x696c0000)
 Metaspace       used 3656K, capacity 3690K, committed 3736K, reserved 4400K
}
Event: 41.688 GC heap before
{Heap before GC invocations=2 (full 0):
 PSYoungGen      total 19200K, used 19193K [0x916c0000, 0x92c00000, 0xa6c00000)
  eden space 16640K, 100% used [0x916c0000,0x92700000,0x92700000)
  from space 2560K, 99% used [0x92700000,0x9297e418,0x92980000)
  to   space 2560K, 0% used [0x92980000,0x92980000,0x92c00000)
 ParOldGen       total 43776K, used 106K [0x66c00000, 0x696c0000, 0x916c0000)
  object space 43776K, 0% used [0x66c00000,0x66c1a950,0x696c0000)
 Metaspace       used 6053K, capacity 6122K, committed 6168K, reserved 6448K
Event: 41.704 GC heap after
Heap after GC invocations=2 (full 0):
 PSYoungGen      total 19200K, used 2556K [0x916c0000, 0x92c00000, 0xa6c00000)
  eden space 16640K, 0% used [0x916c0000,0x916c0000,0x92700000)
  from space 2560K, 99% used [0x92980000,0x92bff180,0x92c00000)
  to   space 2560K, 0% used [0x92700000,0x92700000,0x92980000)
 ParOldGen       total 43776K, used 1209K [0x66c00000, 0x696c0000, 0x916c0000)
  object space 43776K, 2% used [0x66c00000,0x66d2e4a0,0x696c0000)
 Metaspace       used 6053K, capacity 6122K, committed 6168K, reserved 6448K
}
Event: 56.167 GC heap before
{Heap before GC invocations=3 (full 0):
 PSYoungGen      total 19200K, used 19196K [0x916c0000, 0x92c00000, 0xa6c00000)
  eden space 16640K, 100% used [0x916c0000,0x92700000,0x92700000)
  from space 2560K, 99% used [0x92980000,0x92bff180,0x92c00000)
  to   space 2560K, 0% used [0x92700000,0x92700000,0x92980000)
 ParOldGen       total 43776K, used 1209K [0x66c00000, 0x696c0000, 0x916c0000)
  object space 43776K, 2% used [0x66c00000,0x66d2e4a0,0x696c0000)
 Metaspace       used 6742K, capacity 6796K, committed 6936K, reserved 7472K
Event: 56.184 GC heap after
Heap after GC invocations=3 (full 0):
 PSYoungGen      total 19200K, used 2544K [0x916c0000, 0x92c00000, 0xa6c00000)
  eden space 16640K, 0% used [0x916c0000,0x916c0000,0x92700000)
  from space 2560K, 99% used [0x92700000,0x9297c350,0x92980000)
  to   space 2560K, 0% used [0x92980000,0x92980000,0x92c00000)
 ParOldGen       total 43776K, used 1924K [0x66c00000, 0x696c0000, 0x916c0000)
  object space 43776K, 4% used [0x66c00000,0x66de1140,0x696c0000)
 Metaspace       used 6742K, capacity 6796K, committed 6936K, reserved 7472K
}
Event: 71.416 GC heap before
{Heap before GC invocations=4 (full 0):
 PSYoungGen      total 19200K, used 18661K [0x916c0000, 0x92c00000, 0xa6c00000)
  eden space 16640K, 96% used [0x916c0000,0x9267d468,0x92700000)
  from space 2560K, 99% used [0x92700000,0x9297c350,0x92980000)
  to   space 2560K, 0% used [0x92980000,0x92980000,0x92c00000)
 ParOldGen       total 43776K, used 1924K [0x66c00000, 0x696c0000, 0x916c0000)
  object space 43776K, 4% used [0x66c00000,0x66de1140,0x696c0000)
 Metaspace       used 7754K, capacity 7831K, committed 7960K, reserved 8496K
Event: 71.492 GC heap after
Heap after GC invocations=4 (full 0):
 PSYoungGen      total 19200K, used 2555K [0x916c0000, 0x92c00000, 0xa6c00000)
  eden space 16640K, 0% used [0x916c0000,0x916c0000,0x92700000)
  from space 2560K, 99% used [0x92980000,0x92bfedb8,0x92c00000)
  to   space 2560K, 0% used [0x92700000,0x92700000,0x92980000)
 ParOldGen       total 43776K, used 4719K [0x66c00000, 0x696c0000, 0x916c0000)
  object space 43776K, 10% used [0x66c00000,0x6709bea8,0x696c0000)
 Metaspace       used 7754K, capacity 7831K, committed 7960K, reserved 8496K
}
Event: 82.150 GC heap before
{Heap before GC invocations=5 (full 0):
 PSYoungGen      total 19200K, used 19195K [0x916c0000, 0x92c00000, 0xa6c00000)
  eden space 16640K, 100% used [0x916c0000,0x92700000,0x92700000)
  from space 2560K, 99% used [0x92980000,0x92bfedb8,0x92c00000)
  to   space 2560K, 0% used [0x92700000,0x92700000,0x92980000)
 ParOldGen       total 43776K, used 4719K [0x66c00000, 0x696c0000, 0x916c0000)
  object space 43776K, 10% used [0x66c00000,0x6709bea8,0x696c0000)
 Metaspace       used 8927K, capacity 9009K, committed 9112K, reserved 9520K
Event: 82.171 GC heap after
Heap after GC invocations=5 (full 0):
 PSYoungGen      total 18944K, used 2544K [0x916c0000, 0x93140000, 0xa6c00000)
  eden space 16384K, 0% used [0x916c0000,0x916c0000,0x926c0000)
  from space 2560K, 99% used [0x92700000,0x9297c178,0x92980000)
  to   space 5376K, 0% used [0x92c00000,0x92c00000,0x93140000)
 ParOldGen       total 43776K, used 6113K [0x66c00000, 0x696c0000, 0x916c0000)
  object space 43776K, 13% used [0x66c00000,0x671f8680,0x696c0000)
 Metaspace       used 8927K, capacity 9009K, committed 9112K, reserved 9520K
}

